<component name="libraryTable">
    <library name="junit-4.13.2.jar">
        <CLASSES>
            <root url="jar://$USER_HOME$/AppData/Local/Coursier/cache/v1/https/repo1.maven.org/maven2/junit/junit/4.13.2/junit-4.13.2.jar!/"/>
        </CLASSES>
        <SOURCES>
            <root url="jar://$USER_HOME$/AppData/Local/Coursier/cache/v1/https/repo1.maven.org/maven2/junit/junit/4.13.2/junit-4.13.2-sources.jar!/"/>
        </SOURCES>
    </library>
</component>